Name: 电影_李连杰, URL: https://live.metshop.top/huya/11342390, Date: None, Resolution: None, Response Time: 2580 ms
Name: 李连杰, URL: https://live.metshop.top/huya/11342390, Date: None, Resolution: None, Response Time: 2723 ms
Name: 电影_古装片, URL: https://live.metshop.top/huya/11336590, Date: None, Resolution: None, Response Time: 2700 ms
Name: 鹿鼎记小春版, URL: https://live.metshop.top/huya/23865080, Date: None, Resolution: None, Response Time: 2731 ms
Name: 士兵突击, URL: https://live.metshop.top/huya/11342430, Date: None, Resolution: None, Response Time: 2771 ms
Name: 国产喜剧, URL: https://live.metshop.top/huya/11602044, Date: None, Resolution: None, Response Time: 2817 ms
Name: 使徒行者, URL: https://live.metshop.top/huya/23734256, Date: None, Resolution: None, Response Time: inf ms
Name: 李世民, URL: https://live.metshop.top/huya/11336572, Date: None, Resolution: None, Response Time: inf ms
Name: 周星驰, URL: https://live.metshop.top/huya/11342412, Date: None, Resolution: None, Response Time: inf ms
Name: 电影_战争片, URL: https://live.metshop.top/huya/21059574, Date: None, Resolution: None, Response Time: inf ms
Name: 神探狄仁杰2, URL: https://live.metshop.top/huya/11342425, Date: None, Resolution: None, Response Time: inf ms
Name: 电影_玄幻, URL: https://live.metshop.top/huya/11342414, Date: None, Resolution: None, Response Time: inf ms
Name: 玄幻剧场, URL: https://live.metshop.top/huya/11342414, Date: None, Resolution: None, Response Time: inf ms
Name: 三国演义, URL: https://live.metshop.top/huya/11602081, Date: None, Resolution: None, Response Time: inf ms
Name: 笑傲江湖, URL: https://live.metshop.top/huya/23865142, Date: None, Resolution: None, Response Time: inf ms
Name: 电影_国产悬疑, URL: https://live.metshop.top/huya/11342395, Date: None, Resolution: None, Response Time: inf ms
Name: 邱淑贞, URL: https://live.metshop.top/huya/11352949, Date: None, Resolution: None, Response Time: 3031 ms
Name: 电影_死神来了, URL: https://live.metshop.top/huya/11352903, Date: None, Resolution: None, Response Time: 3083 ms
Name: 雍正皇帝, URL: https://live.metshop.top/huya/11342439, Date: None, Resolution: None, Response Time: 3219 ms
Name: 甄子丹, URL: https://live.metshop.top/huya/11352935, Date: None, Resolution: None, Response Time: 3336 ms
Name: 许冠英合集, URL: https://live.metshop.top/huya/11601972, Date: None, Resolution: None, Response Time: 3378 ms
Name: 电影_救援, URL: https://live.metshop.top/huya/21059594, Date: None, Resolution: None, Response Time: 3443 ms
Name: 电影_梁家辉, URL: https://live.metshop.top/huya/11342429, Date: None, Resolution: None, Response Time: 3465 ms
Name: 赌片, URL: https://live.metshop.top/huya/11342399, Date: None, Resolution: None, Response Time: 3858 ms
Name: 古墓系列, URL: https://live.metshop.top/huya/11352913, Date: None, Resolution: None, Response Time: 3871 ms
Name: 纪晓岚, URL: https://live.metshop.top/huya/11342396, Date: None, Resolution: None, Response Time: 3862 ms
Name: 电影_盗墓, URL: https://live.metshop.top/huya/21059552, Date: None, Resolution: None, Response Time: 3866 ms
Name: 神雕侠侣, URL: https://live.metshop.top/huya/23865171, Date: None, Resolution: None, Response Time: 3880 ms
Name: 刘德华, URL: https://live.metshop.top/huya/11342424, Date: None, Resolution: None, Response Time: 3934 ms
Name: 电影_刘德华, URL: https://live.metshop.top/huya/11342424, Date: None, Resolution: None, Response Time: 3887 ms
Name: bang派, URL: https://live.metshop.top/huya/11336719, Date: None, Resolution: None, Response Time: 3997 ms
Name: 港产搞笑, URL: https://live.metshop.top/huya/11342423, Date: None, Resolution: None, Response Time: 3989 ms
Name: 灾难片, URL: https://live.metshop.top/huya/11602075, Date: None, Resolution: None, Response Time: 4010 ms
Name: 电影_喜乐影院, URL: https://live.metshop.top/huya/21059580, Date: None, Resolution: None, Response Time: 3978 ms
Name: 倚天屠龙记, URL: https://live.metshop.top/huya/23734246, Date: None, Resolution: None, Response Time: 3974 ms
Name: 历年贺岁档, URL: https://live.metshop.top/huya/11601986, Date: None, Resolution: None, Response Time: 4010 ms
Name: 电影_强森, URL: https://live.metshop.top/huya/21059581, Date: None, Resolution: None, Response Time: 3995 ms
Name: 联合抗日, URL: https://live.metshop.top/huya/11352910, Date: None, Resolution: None, Response Time: 4006 ms
Name: 经典港剧笑嘻嘻, URL: https://live.metshop.top/huya/11352965, Date: None, Resolution: None, Response Time: 4007 ms
Name: 新水浒传, URL: https://live.metshop.top/huya/11342384, Date: None, Resolution: None, Response Time: 4058 ms
Name: 经典女神, URL: https://live.metshop.top/huya/11352909, Date: None, Resolution: None, Response Time: 4067 ms
Name: 科幻动作, URL: https://live.metshop.top/huya/11352964, Date: None, Resolution: None, Response Time: 4134 ms
Name: 电影_怪兽, URL: https://live.metshop.top/huya/21059577, Date: None, Resolution: None, Response Time: 4171 ms
Name: 五福星, URL: https://live.metshop.top/huya/11282233, Date: None, Resolution: None, Response Time: 4202 ms
Name: 电影_蘑菇影厅, URL: https://live.metshop.top/huya/11601981, Date: None, Resolution: None, Response Time: 4176 ms
Name: 电影_小鬼头, URL: https://live.metshop.top/huya/11352963, Date: None, Resolution: None, Response Time: 4186 ms
Name: 电影_谍战, URL: https://live.metshop.top/huya/21059585, Date: None, Resolution: None, Response Time: 4194 ms
Name: 三国, URL: https://live.metshop.top/huya/11352944, Date: None, Resolution: None, Response Time: 4327 ms
Name: 电影_怪兽系列, URL: https://live.metshop.top/huya/21059554, Date: None, Resolution: None, Response Time: 4348 ms
Name: 电影_犯罪片, URL: https://live.metshop.top/huya/11352974, Date: None, Resolution: None, Response Time: 4379 ms
Name: 港片, URL: https://live.metshop.top/huya/11602043, Date: None, Resolution: None, Response Time: 4426 ms
Name: 电影_港片, URL: https://live.metshop.top/huya/11602043, Date: None, Resolution: None, Response Time: 4399 ms
Name: 电影_丧尸片, URL: https://live.metshop.top/huya/21059578, Date: None, Resolution: None, Response Time: 4415 ms
Name: 陀枪师姐, URL: https://live.metshop.top/huya/23860039, Date: None, Resolution: None, Response Time: 4407 ms
Name: 悬疑片, URL: https://live.metshop.top/huya/16099968, Date: None, Resolution: None, Response Time: 4485 ms
Name: 灾难电影, URL: https://live.metshop.top/huya/11352871, Date: None, Resolution: None, Response Time: 4520 ms
Name: 爱情公寓, URL: https://live.metshop.top/huya/11336726, Date: None, Resolution: None, Response Time: 4517 ms
Name: 电影_八点档, URL: https://live.metshop.top/huya/880261, Date: None, Resolution: None, Response Time: 4498 ms
Name: 电影_贺岁, URL: https://live.metshop.top/huya/11601971, Date: None, Resolution: None, Response Time: 4490 ms
Name: 滇军抗战, URL: https://live.metshop.top/huya/11342388, Date: None, Resolution: None, Response Time: 4541 ms
Name: 女神系列, URL: https://live.metshop.top/huya/11336571, Date: None, Resolution: None, Response Time: 4569 ms
Name: 埋堆堆布衣神相, URL: https://live.metshop.top/huya/23865036, Date: None, Resolution: None, Response Time: 4588 ms
Name: 香港贺岁, URL: https://live.metshop.top/huya/11601971, Date: None, Resolution: None, Response Time: 4648 ms
Name: 恐怖片, URL: https://live.metshop.top/huya/16741179, Date: None, Resolution: None, Response Time: 4688 ms
Name: 扫黄先锋, URL: https://live.metshop.top/huya/23903196, Date: None, Resolution: None, Response Time: 4798 ms
Name: 电影_斯坦森, URL: https://live.metshop.top/huya/21059588, Date: None, Resolution: None, Response Time: 4911 ms
Name: 贺岁合家欢剧场, URL: https://live.metshop.top/huya/11602067, Date: None, Resolution: None, Response Time: 4961 ms
Name: 奇幻片, URL: https://live.metshop.top/huya/16149609, Date: None, Resolution: None, Response Time: 6073 ms
